app/build/intermediates/manifest_merge_blame_file/debug/processDebugMainManifest/manifest-merger-blame-debug-report.txt
1<?xml version="1.0" encoding="utf-8"?>
2<manifest xmlns:android="http://schemas.android.com/apk/res/android"
3    package="com.devexperto.movietrailerstv"
4    android:versionCode="1"
5    android:versionName="1.0" >
6
7    <uses-sdk
8        android:minSdkVersion="21"
9        android:targetSdkVersion="33" />
10
11    <uses-permission android:name="android.permission.INTERNET" />
11-->src\main\AndroidManifest.xml:4:5-67
11-->src\main\AndroidManifest.xml:4:22-64
12
13    <uses-feature android:name="android.software.leanback" />
13-->src\main\AndroidManifest.xml:6:5-62
13-->src\main\AndroidManifest.xml:6:19-59
14    <uses-feature
14-->src\main\AndroidManifest.xml:7:5-9:36
15        android:name="android.hardware.touchscreen"
15-->src\main\AndroidManifest.xml:8:9-52
16        android:required="false" />
16-->src\main\AndroidManifest.xml:9:9-33
17
18    <permission
18-->[androidx.core:core:1.9.0] AndroidManifest.xml:22:5-24:47
19        android:name="com.devexperto.movietrailerstv.DYNAMIC_RECEIVER_NOT_EXPORTED_PERMISSION"
19-->[androidx.core:core:1.9.0] AndroidManifest.xml:23:9-81
20        android:protectionLevel="signature" />
20-->[androidx.core:core:1.9.0] AndroidManifest.xml:24:9-44
21
22    <uses-permission android:name="com.devexperto.movietrailerstv.DYNAMIC_RECEIVER_NOT_EXPORTED_PERMISSION" />
22-->[androidx.core:core:1.9.0] AndroidManifest.xml:26:5-97
22-->[androidx.core:core:1.9.0] AndroidManifest.xml:26:22-94
23
24    <application
24-->src\main\AndroidManifest.xml:11:5-30:19
25        android:allowBackup="true"
25-->src\main\AndroidManifest.xml:12:9-35
26        android:appComponentFactory="androidx.core.app.CoreComponentFactory"
26-->[androidx.core:core:1.9.0] AndroidManifest.xml:28:18-86
27        android:banner="@mipmap/banner"
27-->src\main\AndroidManifest.xml:13:9-40
28        android:debuggable="true"
29        android:extractNativeLibs="true"
30        android:icon="@mipmap/ic_launcher"
30-->src\main\AndroidManifest.xml:14:9-43
31        android:label="@string/app_name"
31-->src\main\AndroidManifest.xml:15:9-41
32        android:supportsRtl="true"
32-->src\main\AndroidManifest.xml:16:9-35
33        android:testOnly="true"
34        android:theme="@style/Theme.MovieTrailersTv" >
34-->src\main\AndroidManifest.xml:17:9-53
35        <activity
35-->src\main\AndroidManifest.xml:18:9-20:40
36            android:name="com.devexperto.movietrailerstv.ui.detail.DetailActivity"
36-->src\main\AndroidManifest.xml:19:13-53
37            android:exported="false" />
37-->src\main\AndroidManifest.xml:20:13-37
38        <activity
38-->src\main\AndroidManifest.xml:21:9-29:20
39            android:name="com.devexperto.movietrailerstv.ui.main.MainActivity"
39-->src\main\AndroidManifest.xml:22:13-49
40            android:exported="true" >
40-->src\main\AndroidManifest.xml:23:13-36
41            <intent-filter>
41-->src\main\AndroidManifest.xml:24:13-28:29
42                <action android:name="android.intent.action.MAIN" />
42-->src\main\AndroidManifest.xml:25:17-69
42-->src\main\AndroidManifest.xml:25:25-66
43
44                <category android:name="android.intent.category.LEANBACK_LAUNCHER" />
44-->src\main\AndroidManifest.xml:27:17-86
44-->src\main\AndroidManifest.xml:27:27-83
45            </intent-filter>
46        </activity>
47
48        <provider
48-->[androidx.emoji2:emoji2:1.2.0] AndroidManifest.xml:24:9-32:20
49            android:name="androidx.startup.InitializationProvider"
49-->[androidx.emoji2:emoji2:1.2.0] AndroidManifest.xml:25:13-67
50            android:authorities="com.devexperto.movietrailerstv.androidx-startup"
50-->[androidx.emoji2:emoji2:1.2.0] AndroidManifest.xml:26:13-68
51            android:exported="false" >
51-->[androidx.emoji2:emoji2:1.2.0] AndroidManifest.xml:27:13-37
52            <meta-data
52-->[androidx.emoji2:emoji2:1.2.0] AndroidManifest.xml:29:13-31:52
53                android:name="androidx.emoji2.text.EmojiCompatInitializer"
53-->[androidx.emoji2:emoji2:1.2.0] AndroidManifest.xml:30:17-75
54                android:value="androidx.startup" />
54-->[androidx.emoji2:emoji2:1.2.0] AndroidManifest.xml:31:17-49
55            <meta-data
55-->[androidx.lifecycle:lifecycle-process:2.6.0] AndroidManifest.xml:29:13-31:52
56                android:name="androidx.lifecycle.ProcessLifecycleInitializer"
56-->[androidx.lifecycle:lifecycle-process:2.6.0] AndroidManifest.xml:30:17-78
57                android:value="androidx.startup" />
57-->[androidx.lifecycle:lifecycle-process:2.6.0] AndroidManifest.xml:31:17-49
58            <meta-data
58-->[androidx.profileinstaller:profileinstaller:1.2.1] AndroidManifest.xml:30:13-32:52
59                android:name="androidx.profileinstaller.ProfileInstallerInitializer"
59-->[androidx.profileinstaller:profileinstaller:1.2.1] AndroidManifest.xml:31:17-85
60                android:value="androidx.startup" />
60-->[androidx.profileinstaller:profileinstaller:1.2.1] AndroidManifest.xml:32:17-49
61        </provider>
62
63        <receiver
63-->[androidx.profileinstaller:profileinstaller:1.2.1] AndroidManifest.xml:35:9-47:20
64            android:name="androidx.profileinstaller.ProfileInstallReceiver"
64-->[androidx.profileinstaller:profileinstaller:1.2.1] AndroidManifest.xml:36:13-76
65            android:directBootAware="false"
65-->[androidx.profileinstaller:profileinstaller:1.2.1] AndroidManifest.xml:37:13-44
66            android:enabled="true"
66-->[androidx.profileinstaller:profileinstaller:1.2.1] AndroidManifest.xml:38:13-35
67            android:exported="true"
67-->[androidx.profileinstaller:profileinstaller:1.2.1] AndroidManifest.xml:39:13-36
68            android:permission="android.permission.DUMP" >
68-->[androidx.profileinstaller:profileinstaller:1.2.1] AndroidManifest.xml:40:13-57
69            <intent-filter>
69-->[androidx.profileinstaller:profileinstaller:1.2.1] AndroidManifest.xml:41:13-43:29
70                <action android:name="androidx.profileinstaller.action.INSTALL_PROFILE" />
70-->[androidx.profileinstaller:profileinstaller:1.2.1] AndroidManifest.xml:42:17-91
70-->[androidx.profileinstaller:profileinstaller:1.2.1] AndroidManifest.xml:42:25-88
71            </intent-filter>
72            <intent-filter>
72-->[androidx.profileinstaller:profileinstaller:1.2.1] AndroidManifest.xml:44:13-46:29
73                <action android:name="androidx.profileinstaller.action.SKIP_FILE" />
73-->[androidx.profileinstaller:profileinstaller:1.2.1] AndroidManifest.xml:45:17-85
73-->[androidx.profileinstaller:profileinstaller:1.2.1] AndroidManifest.xml:45:25-82
74            </intent-filter>
75        </receiver>
76    </application>
77
78</manifest>